{"C:\\Year 4\\FYP\\Sam\\Project\\pool-game-simulation\\auth-backend\\server.js": {"path":"C:\\Year 4\\FYP\\Sam\\Project\\pool-game-simulation\\auth-backend\\server.js","statementMap":{"0":{"start":{"line":1,"column":16},"end":{"line":1,"column":34}},"1":{"start":{"line":2,"column":15},"end":{"line":2,"column":32}},"2":{"start":{"line":3,"column":19},"end":{"line":3,"column":41}},"3":{"start":{"line":4,"column":13},"end":{"line":4,"column":28}},"4":{"start":{"line":5,"column":19},"end":{"line":5,"column":43}},"5":{"start":{"line":6,"column":21},"end":{"line":6,"column":47}},"6":{"start":{"line":7,"column":30},"end":{"line":7,"column":65}},"7":{"start":{"line":8,"column":22},"end":{"line":8,"column":49}},"8":{"start":{"line":9,"column":13},"end":{"line":9,"column":28}},"9":{"start":{"line":11,"column":0},"end":{"line":11,"column":16}},"10":{"start":{"line":13,"column":12},"end":{"line":13,"column":21}},"11":{"start":{"line":15,"column":0},"end":{"line":15,"column":27}},"12":{"start":{"line":16,"column":0},"end":{"line":16,"column":16}},"13":{"start":{"line":17,"column":0},"end":{"line":17,"column":24}},"14":{"start":{"line":20,"column":0},"end":{"line":20,"column":69}},"15":{"start":{"line":23,"column":0},"end":{"line":23,"column":33}},"16":{"start":{"line":24,"column":0},"end":{"line":24,"column":30}},"17":{"start":{"line":25,"column":0},"end":{"line":25,"column":45}},"18":{"start":{"line":26,"column":0},"end":{"line":26,"column":39}},"19":{"start":{"line":29,"column":0},"end":{"line":32,"column":3}},"20":{"start":{"line":30,"column":4},"end":{"line":30,"column":62}},"21":{"start":{"line":31,"column":4},"end":{"line":31,"column":11}},"22":{"start":{"line":34,"column":13},"end":{"line":34,"column":37}},"23":{"start":{"line":36,"column":0},"end":{"line":38,"column":3}},"24":{"start":{"line":37,"column":4},"end":{"line":37,"column":79}},"25":{"start":{"line":40,"column":0},"end":{"line":42,"column":3}},"26":{"start":{"line":41,"column":4},"end":{"line":41,"column":62}}},"fnMap":{"0":{"name":"(anonymous_0)","decl":{"start":{"line":29,"column":8},"end":{"line":29,"column":9}},"loc":{"start":{"line":29,"column":28},"end":{"line":32,"column":1}},"line":29},"1":{"name":"(anonymous_1)","decl":{"start":{"line":36,"column":13},"end":{"line":36,"column":14}},"loc":{"start":{"line":36,"column":27},"end":{"line":38,"column":1}},"line":36},"2":{"name":"(anonymous_2)","decl":{"start":{"line":40,"column":17},"end":{"line":40,"column":18}},"loc":{"start":{"line":40,"column":23},"end":{"line":42,"column":1}},"line":40}},"branchMap":{"0":{"loc":{"start":{"line":34,"column":13},"end":{"line":34,"column":37}},"type":"binary-expr","locations":[{"start":{"line":34,"column":13},"end":{"line":34,"column":29}},{"start":{"line":34,"column":33},"end":{"line":34,"column":37}}],"line":34}},"s":{"0":8,"1":8,"2":8,"3":8,"4":8,"5":8,"6":8,"7":8,"8":8,"9":8,"10":8,"11":8,"12":8,"13":8,"14":8,"15":8,"16":8,"17":8,"18":8,"19":8,"20":0,"21":0,"22":8,"23":8,"24":1,"25":8,"26":8},"f":{"0":0,"1":1,"2":8},"b":{"0":[8,7]},"_coverageSchema":"1a1c01bbd47fc00a2c39e90264f33305004495a9","hash":"0bfed343952df2e36a015114f3df7010d85a73a6"}
,"C:\\Year 4\\FYP\\Sam\\Project\\pool-game-simulation\\auth-backend\\models\\db.js": {"path":"C:\\Year 4\\FYP\\Sam\\Project\\pool-game-simulation\\auth-backend\\models\\db.js","statementMap":{"0":{"start":{"line":1,"column":17},"end":{"line":1,"column":30}},"1":{"start":{"line":2,"column":0},"end":{"line":2,"column":27}},"2":{"start":{"line":4,"column":13},"end":{"line":6,"column":2}},"3":{"start":{"line":8,"column":0},"end":{"line":8,"column":22}}},"fnMap":{},"branchMap":{},"s":{"0":7,"1":7,"2":7,"3":7},"f":{},"b":{},"_coverageSchema":"1a1c01bbd47fc00a2c39e90264f33305004495a9","hash":"81a793337fc22a5c83e026a952ef0c8f31e28932"}
,"C:\\Year 4\\FYP\\Sam\\Project\\pool-game-simulation\\auth-backend\\routes\\auth.js": {"path":"C:\\Year 4\\FYP\\Sam\\Project\\pool-game-simulation\\auth-backend\\routes\\auth.js","statementMap":{"0":{"start":{"line":1,"column":16},"end":{"line":1,"column":34}},"1":{"start":{"line":2,"column":15},"end":{"line":2,"column":34}},"2":{"start":{"line":3,"column":12},"end":{"line":3,"column":35}},"3":{"start":{"line":4,"column":13},"end":{"line":4,"column":36}},"4":{"start":{"line":5,"column":15},"end":{"line":5,"column":31}},"5":{"start":{"line":8,"column":0},"end":{"line":29,"column":3}},"6":{"start":{"line":9,"column":32},"end":{"line":9,"column":40}},"7":{"start":{"line":10,"column":4},"end":{"line":28,"column":5}},"8":{"start":{"line":11,"column":31},"end":{"line":11,"column":62}},"9":{"start":{"line":12,"column":23},"end":{"line":15,"column":9}},"10":{"start":{"line":16,"column":8},"end":{"line":20,"column":11}},"11":{"start":{"line":22,"column":8},"end":{"line":22,"column":57}},"12":{"start":{"line":23,"column":8},"end":{"line":27,"column":9}},"13":{"start":{"line":24,"column":12},"end":{"line":24,"column":68}},"14":{"start":{"line":26,"column":12},"end":{"line":26,"column":69}},"15":{"start":{"line":32,"column":0},"end":{"line":61,"column":3}},"16":{"start":{"line":33,"column":32},"end":{"line":33,"column":40}},"17":{"start":{"line":34,"column":4},"end":{"line":60,"column":5}},"18":{"start":{"line":35,"column":23},"end":{"line":35,"column":88}},"19":{"start":{"line":36,"column":21},"end":{"line":36,"column":35}},"20":{"start":{"line":37,"column":8},"end":{"line":39,"column":9}},"21":{"start":{"line":38,"column":12},"end":{"line":38,"column":69}},"22":{"start":{"line":41,"column":24},"end":{"line":41,"column":69}},"23":{"start":{"line":42,"column":8},"end":{"line":44,"column":9}},"24":{"start":{"line":43,"column":12},"end":{"line":43,"column":71}},"25":{"start":{"line":47,"column":22},"end":{"line":49,"column":10}},"26":{"start":{"line":51,"column":8},"end":{"line":56,"column":11}},"27":{"start":{"line":58,"column":8},"end":{"line":58,"column":50}},"28":{"start":{"line":59,"column":8},"end":{"line":59,"column":65}},"29":{"start":{"line":64,"column":26},"end":{"line":79,"column":1}},"30":{"start":{"line":65,"column":23},"end":{"line":65,"column":51}},"31":{"start":{"line":66,"column":18},"end":{"line":66,"column":56}},"32":{"start":{"line":68,"column":4},"end":{"line":70,"column":5}},"33":{"start":{"line":69,"column":8},"end":{"line":69,"column":72}},"34":{"start":{"line":72,"column":4},"end":{"line":78,"column":7}},"35":{"start":{"line":73,"column":8},"end":{"line":75,"column":9}},"36":{"start":{"line":74,"column":12},"end":{"line":74,"column":79}},"37":{"start":{"line":76,"column":8},"end":{"line":76,"column":24}},"38":{"start":{"line":77,"column":8},"end":{"line":77,"column":15}},"39":{"start":{"line":82,"column":0},"end":{"line":112,"column":3}},"40":{"start":{"line":83,"column":35},"end":{"line":83,"column":43}},"41":{"start":{"line":86,"column":4},"end":{"line":88,"column":5}},"42":{"start":{"line":87,"column":8},"end":{"line":87,"column":101}},"43":{"start":{"line":90,"column":4},"end":{"line":111,"column":5}},"44":{"start":{"line":92,"column":27},"end":{"line":92,"column":96}},"45":{"start":{"line":93,"column":8},"end":{"line":95,"column":9}},"46":{"start":{"line":94,"column":12},"end":{"line":94,"column":75}},"47":{"start":{"line":98,"column":8},"end":{"line":101,"column":10}},"48":{"start":{"line":103,"column":8},"end":{"line":107,"column":11}},"49":{"start":{"line":109,"column":8},"end":{"line":109,"column":52}},"50":{"start":{"line":110,"column":8},"end":{"line":110,"column":66}},"51":{"start":{"line":116,"column":0},"end":{"line":155,"column":3}},"52":{"start":{"line":117,"column":56},"end":{"line":117,"column":64}},"53":{"start":{"line":120,"column":4},"end":{"line":122,"column":5}},"54":{"start":{"line":121,"column":8},"end":{"line":121,"column":101}},"55":{"start":{"line":124,"column":4},"end":{"line":154,"column":5}},"56":{"start":{"line":126,"column":23},"end":{"line":126,"column":87}},"57":{"start":{"line":127,"column":21},"end":{"line":127,"column":35}},"58":{"start":{"line":128,"column":8},"end":{"line":130,"column":9}},"59":{"start":{"line":129,"column":12},"end":{"line":129,"column":69}},"60":{"start":{"line":133,"column":24},"end":{"line":133,"column":77}},"61":{"start":{"line":134,"column":8},"end":{"line":136,"column":9}},"62":{"start":{"line":135,"column":12},"end":{"line":135,"column":84}},"63":{"start":{"line":139,"column":31},"end":{"line":139,"column":66}},"64":{"start":{"line":142,"column":8},"end":{"line":145,"column":10}},"65":{"start":{"line":147,"column":8},"end":{"line":150,"column":11}},"66":{"start":{"line":152,"column":8},"end":{"line":152,"column":55}},"67":{"start":{"line":153,"column":8},"end":{"line":153,"column":69}},"68":{"start":{"line":159,"column":0},"end":{"line":161,"column":5}},"69":{"start":{"line":160,"column":4},"end":{"line":160,"column":51}},"70":{"start":{"line":164,"column":0},"end":{"line":182,"column":3}},"71":{"start":{"line":165,"column":4},"end":{"line":181,"column":5}},"72":{"start":{"line":166,"column":23},"end":{"line":169,"column":9}},"73":{"start":{"line":171,"column":8},"end":{"line":173,"column":9}},"74":{"start":{"line":172,"column":12},"end":{"line":172,"column":69}},"75":{"start":{"line":175,"column":8},"end":{"line":177,"column":11}},"76":{"start":{"line":179,"column":8},"end":{"line":179,"column":59}},"77":{"start":{"line":180,"column":8},"end":{"line":180,"column":65}},"78":{"start":{"line":185,"column":0},"end":{"line":202,"column":3}},"79":{"start":{"line":186,"column":4},"end":{"line":201,"column":5}},"80":{"start":{"line":188,"column":8},"end":{"line":188,"column":93}},"81":{"start":{"line":189,"column":8},"end":{"line":189,"column":90}},"82":{"start":{"line":192,"column":8},"end":{"line":192,"column":75}},"83":{"start":{"line":194,"column":8},"end":{"line":197,"column":11}},"84":{"start":{"line":199,"column":8},"end":{"line":199,"column":54}},"85":{"start":{"line":200,"column":8},"end":{"line":200,"column":68}},"86":{"start":{"line":204,"column":0},"end":{"line":204,"column":24}}},"fnMap":{"0":{"name":"(anonymous_0)","decl":{"start":{"line":8,"column":25},"end":{"line":8,"column":26}},"loc":{"start":{"line":8,"column":45},"end":{"line":29,"column":1}},"line":8},"1":{"name":"(anonymous_1)","decl":{"start":{"line":32,"column":22},"end":{"line":32,"column":23}},"loc":{"start":{"line":32,"column":42},"end":{"line":61,"column":1}},"line":32},"2":{"name":"(anonymous_2)","decl":{"start":{"line":64,"column":26},"end":{"line":64,"column":27}},"loc":{"start":{"line":64,"column":46},"end":{"line":79,"column":1}},"line":64},"3":{"name":"(anonymous_3)","decl":{"start":{"line":72,"column":46},"end":{"line":72,"column":47}},"loc":{"start":{"line":72,"column":61},"end":{"line":78,"column":5}},"line":72},"4":{"name":"(anonymous_4)","decl":{"start":{"line":82,"column":48},"end":{"line":82,"column":49}},"loc":{"start":{"line":82,"column":68},"end":{"line":112,"column":1}},"line":82},"5":{"name":"(anonymous_5)","decl":{"start":{"line":116,"column":51},"end":{"line":116,"column":52}},"loc":{"start":{"line":116,"column":71},"end":{"line":155,"column":1}},"line":116},"6":{"name":"(anonymous_6)","decl":{"start":{"line":159,"column":20},"end":{"line":159,"column":21}},"loc":{"start":{"line":159,"column":34},"end":{"line":161,"column":3}},"line":159},"7":{"name":"(anonymous_7)","decl":{"start":{"line":164,"column":42},"end":{"line":164,"column":43}},"loc":{"start":{"line":164,"column":62},"end":{"line":182,"column":1}},"line":164},"8":{"name":"(anonymous_8)","decl":{"start":{"line":185,"column":45},"end":{"line":185,"column":46}},"loc":{"start":{"line":185,"column":65},"end":{"line":202,"column":1}},"line":185}},"branchMap":{"0":{"loc":{"start":{"line":23,"column":8},"end":{"line":27,"column":9}},"type":"if","locations":[{"start":{"line":23,"column":8},"end":{"line":27,"column":9}},{"start":{"line":25,"column":15},"end":{"line":27,"column":9}}],"line":23},"1":{"loc":{"start":{"line":37,"column":8},"end":{"line":39,"column":9}},"type":"if","locations":[{"start":{"line":37,"column":8},"end":{"line":39,"column":9}},{"start":{},"end":{}}],"line":37},"2":{"loc":{"start":{"line":42,"column":8},"end":{"line":44,"column":9}},"type":"if","locations":[{"start":{"line":42,"column":8},"end":{"line":44,"column":9}},{"start":{},"end":{}}],"line":42},"3":{"loc":{"start":{"line":66,"column":18},"end":{"line":66,"column":56}},"type":"binary-expr","locations":[{"start":{"line":66,"column":18},"end":{"line":66,"column":28}},{"start":{"line":66,"column":32},"end":{"line":66,"column":56}}],"line":66},"4":{"loc":{"start":{"line":68,"column":4},"end":{"line":70,"column":5}},"type":"if","locations":[{"start":{"line":68,"column":4},"end":{"line":70,"column":5}},{"start":{},"end":{}}],"line":68},"5":{"loc":{"start":{"line":73,"column":8},"end":{"line":75,"column":9}},"type":"if","locations":[{"start":{"line":73,"column":8},"end":{"line":75,"column":9}},{"start":{},"end":{}}],"line":73},"6":{"loc":{"start":{"line":86,"column":4},"end":{"line":88,"column":5}},"type":"if","locations":[{"start":{"line":86,"column":4},"end":{"line":88,"column":5}},{"start":{},"end":{}}],"line":86},"7":{"loc":{"start":{"line":93,"column":8},"end":{"line":95,"column":9}},"type":"if","locations":[{"start":{"line":93,"column":8},"end":{"line":95,"column":9}},{"start":{},"end":{}}],"line":93},"8":{"loc":{"start":{"line":120,"column":4},"end":{"line":122,"column":5}},"type":"if","locations":[{"start":{"line":120,"column":4},"end":{"line":122,"column":5}},{"start":{},"end":{}}],"line":120},"9":{"loc":{"start":{"line":128,"column":8},"end":{"line":130,"column":9}},"type":"if","locations":[{"start":{"line":128,"column":8},"end":{"line":130,"column":9}},{"start":{},"end":{}}],"line":128},"10":{"loc":{"start":{"line":134,"column":8},"end":{"line":136,"column":9}},"type":"if","locations":[{"start":{"line":134,"column":8},"end":{"line":136,"column":9}},{"start":{},"end":{}}],"line":134},"11":{"loc":{"start":{"line":171,"column":8},"end":{"line":173,"column":9}},"type":"if","locations":[{"start":{"line":171,"column":8},"end":{"line":173,"column":9}},{"start":{},"end":{}}],"line":171}},"s":{"0":1,"1":1,"2":1,"3":1,"4":1,"5":1,"6":3,"7":3,"8":3,"9":3,"10":1,"11":2,"12":2,"13":1,"14":1,"15":1,"16":4,"17":4,"18":4,"19":3,"20":3,"21":1,"22":2,"23":2,"24":1,"25":1,"26":1,"27":1,"28":1,"29":1,"30":8,"31":8,"32":8,"33":1,"34":7,"35":7,"36":1,"37":6,"38":6,"39":1,"40":2,"41":2,"42":0,"43":2,"44":2,"45":2,"46":1,"47":1,"48":1,"49":0,"50":0,"51":1,"52":1,"53":1,"54":0,"55":1,"56":1,"57":1,"58":1,"59":0,"60":1,"61":1,"62":0,"63":1,"64":1,"65":1,"66":0,"67":0,"68":1,"69":0,"70":1,"71":2,"72":2,"73":2,"74":1,"75":1,"76":0,"77":0,"78":1,"79":1,"80":1,"81":1,"82":1,"83":1,"84":0,"85":0,"86":1},"f":{"0":3,"1":4,"2":8,"3":7,"4":2,"5":1,"6":0,"7":2,"8":1},"b":{"0":[1,1],"1":[1,2],"2":[1,1],"3":[8,7],"4":[1,7],"5":[1,6],"6":[0,2],"7":[1,1],"8":[0,1],"9":[0,1],"10":[0,1],"11":[1,1]},"_coverageSchema":"1a1c01bbd47fc00a2c39e90264f33305004495a9","hash":"d82f901ee35b42c8fc198f1d6f627ed1fb7f3369"}
,"C:\\Year 4\\FYP\\Sam\\Project\\pool-game-simulation\\auth-backend\\routes\\results.js": {"path":"C:\\Year 4\\FYP\\Sam\\Project\\pool-game-simulation\\auth-backend\\routes\\results.js","statementMap":{"0":{"start":{"line":1,"column":16},"end":{"line":1,"column":34}},"1":{"start":{"line":2,"column":13},"end":{"line":2,"column":36}},"2":{"start":{"line":3,"column":15},"end":{"line":3,"column":31}},"3":{"start":{"line":6,"column":0},"end":{"line":40,"column":3}},"4":{"start":{"line":7,"column":117},"end":{"line":7,"column":125}},"5":{"start":{"line":9,"column":4},"end":{"line":39,"column":5}},"6":{"start":{"line":10,"column":8},"end":{"line":12,"column":9}},"7":{"start":{"line":11,"column":12},"end":{"line":11,"column":74}},"8":{"start":{"line":14,"column":23},"end":{"line":28,"column":9}},"9":{"start":{"line":30,"column":8},"end":{"line":35,"column":11}},"10":{"start":{"line":37,"column":8},"end":{"line":37,"column":63}},"11":{"start":{"line":38,"column":8},"end":{"line":38,"column":81}},"12":{"start":{"line":43,"column":0},"end":{"line":61,"column":3}},"13":{"start":{"line":44,"column":24},"end":{"line":44,"column":34}},"14":{"start":{"line":46,"column":4},"end":{"line":60,"column":5}},"15":{"start":{"line":47,"column":24},"end":{"line":50,"column":9}},"16":{"start":{"line":52,"column":8},"end":{"line":56,"column":11}},"17":{"start":{"line":58,"column":8},"end":{"line":58,"column":67}},"18":{"start":{"line":59,"column":8},"end":{"line":59,"column":81}},"19":{"start":{"line":64,"column":0},"end":{"line":85,"column":3}},"20":{"start":{"line":65,"column":19},"end":{"line":65,"column":29}},"21":{"start":{"line":67,"column":4},"end":{"line":84,"column":5}},"22":{"start":{"line":68,"column":23},"end":{"line":71,"column":9}},"23":{"start":{"line":73,"column":8},"end":{"line":75,"column":9}},"24":{"start":{"line":74,"column":12},"end":{"line":74,"column":82}},"25":{"start":{"line":77,"column":8},"end":{"line":80,"column":11}},"26":{"start":{"line":82,"column":8},"end":{"line":82,"column":66}},"27":{"start":{"line":83,"column":8},"end":{"line":83,"column":81}},"28":{"start":{"line":88,"column":0},"end":{"line":121,"column":3}},"29":{"start":{"line":89,"column":19},"end":{"line":89,"column":29}},"30":{"start":{"line":90,"column":24},"end":{"line":90,"column":32}},"31":{"start":{"line":92,"column":4},"end":{"line":120,"column":5}},"32":{"start":{"line":94,"column":28},"end":{"line":97,"column":9}},"33":{"start":{"line":99,"column":8},"end":{"line":101,"column":9}},"34":{"start":{"line":100,"column":12},"end":{"line":100,"column":82}},"35":{"start":{"line":103,"column":8},"end":{"line":105,"column":9}},"36":{"start":{"line":104,"column":12},"end":{"line":104,"column":102}},"37":{"start":{"line":108,"column":8},"end":{"line":111,"column":10}},"38":{"start":{"line":113,"column":8},"end":{"line":116,"column":11}},"39":{"start":{"line":118,"column":8},"end":{"line":118,"column":64}},"40":{"start":{"line":119,"column":8},"end":{"line":119,"column":81}},"41":{"start":{"line":123,"column":0},"end":{"line":123,"column":24}}},"fnMap":{"0":{"name":"(anonymous_0)","decl":{"start":{"line":6,"column":21},"end":{"line":6,"column":22}},"loc":{"start":{"line":6,"column":41},"end":{"line":40,"column":1}},"line":6},"1":{"name":"(anonymous_1)","decl":{"start":{"line":43,"column":29},"end":{"line":43,"column":30}},"loc":{"start":{"line":43,"column":49},"end":{"line":61,"column":1}},"line":43},"2":{"name":"(anonymous_2)","decl":{"start":{"line":64,"column":19},"end":{"line":64,"column":20}},"loc":{"start":{"line":64,"column":39},"end":{"line":85,"column":1}},"line":64},"3":{"name":"(anonymous_3)","decl":{"start":{"line":88,"column":22},"end":{"line":88,"column":23}},"loc":{"start":{"line":88,"column":42},"end":{"line":121,"column":1}},"line":88}},"branchMap":{"0":{"loc":{"start":{"line":10,"column":8},"end":{"line":12,"column":9}},"type":"if","locations":[{"start":{"line":10,"column":8},"end":{"line":12,"column":9}},{"start":{},"end":{}}],"line":10},"1":{"loc":{"start":{"line":21,"column":16},"end":{"line":21,"column":56}},"type":"binary-expr","locations":[{"start":{"line":21,"column":16},"end":{"line":21,"column":31}},{"start":{"line":21,"column":35},"end":{"line":21,"column":56}}],"line":21},"2":{"loc":{"start":{"line":26,"column":16},"end":{"line":26,"column":46}},"type":"binary-expr","locations":[{"start":{"line":26,"column":16},"end":{"line":26,"column":28}},{"start":{"line":26,"column":32},"end":{"line":26,"column":46}}],"line":26},"3":{"loc":{"start":{"line":73,"column":8},"end":{"line":75,"column":9}},"type":"if","locations":[{"start":{"line":73,"column":8},"end":{"line":75,"column":9}},{"start":{},"end":{}}],"line":73},"4":{"loc":{"start":{"line":99,"column":8},"end":{"line":101,"column":9}},"type":"if","locations":[{"start":{"line":99,"column":8},"end":{"line":101,"column":9}},{"start":{},"end":{}}],"line":99},"5":{"loc":{"start":{"line":103,"column":8},"end":{"line":105,"column":9}},"type":"if","locations":[{"start":{"line":103,"column":8},"end":{"line":105,"column":9}},{"start":{},"end":{}}],"line":103}},"s":{"0":1,"1":1,"2":1,"3":1,"4":4,"5":4,"6":4,"7":1,"8":3,"9":2,"10":1,"11":1,"12":1,"13":3,"14":3,"15":3,"16":2,"17":1,"18":1,"19":1,"20":3,"21":3,"22":3,"23":2,"24":1,"25":1,"26":1,"27":1,"28":1,"29":4,"30":4,"31":4,"32":4,"33":3,"34":1,"35":2,"36":1,"37":1,"38":1,"39":1,"40":1,"41":1},"f":{"0":4,"1":3,"2":3,"3":4},"b":{"0":[1,3],"1":[3,1],"2":[3,2],"3":[1,1],"4":[1,2],"5":[1,1]},"_coverageSchema":"1a1c01bbd47fc00a2c39e90264f33305004495a9","hash":"535e290f1132a1128ff515207d3af200bb3928b1"}
}
