TN:
SF:server.js
FN:29,(anonymous_0)
FN:36,(anonymous_1)
FN:40,(anonymous_2)
FNF:3
FNH:2
FNDA:0,(anonymous_0)
FNDA:1,(anonymous_1)
FNDA:8,(anonymous_2)
DA:1,8
DA:2,8
DA:3,8
DA:4,8
DA:5,8
DA:6,8
DA:7,8
DA:8,8
DA:9,8
DA:11,8
DA:13,8
DA:15,8
DA:16,8
DA:17,8
DA:20,8
DA:23,8
DA:24,8
DA:25,8
DA:26,8
DA:29,8
DA:30,0
DA:31,0
DA:34,8
DA:36,8
DA:37,1
DA:40,8
DA:41,8
LF:27
LH:25
BRDA:34,0,0,8
BRDA:34,0,1,7
BRF:2
BRH:2
end_of_record
TN:
SF:models\db.js
FNF:0
FNH:0
DA:1,7
DA:2,7
DA:4,7
DA:8,7
LF:4
LH:4
BRF:0
BRH:0
end_of_record
TN:
SF:routes\auth.js
FN:8,(anonymous_0)
FN:32,(anonymous_1)
FN:64,(anonymous_2)
FN:72,(anonymous_3)
FN:82,(anonymous_4)
FN:116,(anonymous_5)
FN:159,(anonymous_6)
FN:164,(anonymous_7)
FN:185,(anonymous_8)
FNF:9
FNH:8
FNDA:3,(anonymous_0)
FNDA:4,(anonymous_1)
FNDA:8,(anonymous_2)
FNDA:7,(anonymous_3)
FNDA:2,(anonymous_4)
FNDA:1,(anonymous_5)
FNDA:0,(anonymous_6)
FNDA:2,(anonymous_7)
FNDA:1,(anonymous_8)
DA:1,1
DA:2,1
DA:3,1
DA:4,1
DA:5,1
DA:8,1
DA:9,3
DA:10,3
DA:11,3
DA:12,3
DA:16,1
DA:22,2
DA:23,2
DA:24,1
DA:26,1
DA:32,1
DA:33,4
DA:34,4
DA:35,4
DA:36,3
DA:37,3
DA:38,1
DA:41,2
DA:42,2
DA:43,1
DA:47,1
DA:51,1
DA:58,1
DA:59,1
DA:64,1
DA:65,8
DA:66,8
DA:68,8
DA:69,1
DA:72,7
DA:73,7
DA:74,1
DA:76,6
DA:77,6
DA:82,1
DA:83,2
DA:86,2
DA:87,0
DA:90,2
DA:92,2
DA:93,2
DA:94,1
DA:98,1
DA:103,1
DA:109,0
DA:110,0
DA:116,1
DA:117,1
DA:120,1
DA:121,0
DA:124,1
DA:126,1
DA:127,1
DA:128,1
DA:129,0
DA:133,1
DA:134,1
DA:135,0
DA:139,1
DA:142,1
DA:147,1
DA:152,0
DA:153,0
DA:159,1
DA:160,0
DA:164,1
DA:165,2
DA:166,2
DA:171,2
DA:172,1
DA:175,1
DA:179,0
DA:180,0
DA:185,1
DA:186,1
DA:188,1
DA:189,1
DA:192,1
DA:194,1
DA:199,0
DA:200,0
DA:204,1
LF:87
LH:74
BRDA:23,0,0,1
BRDA:23,0,1,1
BRDA:37,1,0,1
BRDA:37,1,1,2
BRDA:42,2,0,1
BRDA:42,2,1,1
BRDA:66,3,0,8
BRDA:66,3,1,7
BRDA:68,4,0,1
BRDA:68,4,1,7
BRDA:73,5,0,1
BRDA:73,5,1,6
BRDA:86,6,0,0
BRDA:86,6,1,2
BRDA:93,7,0,1
BRDA:93,7,1,1
BRDA:120,8,0,0
BRDA:120,8,1,1
BRDA:128,9,0,0
BRDA:128,9,1,1
BRDA:134,10,0,0
BRDA:134,10,1,1
BRDA:171,11,0,1
BRDA:171,11,1,1
BRF:24
BRH:20
end_of_record
TN:
SF:routes\results.js
FN:6,(anonymous_0)
FN:43,(anonymous_1)
FN:64,(anonymous_2)
FN:88,(anonymous_3)
FNF:4
FNH:4
FNDA:4,(anonymous_0)
FNDA:3,(anonymous_1)
FNDA:3,(anonymous_2)
FNDA:4,(anonymous_3)
DA:1,1
DA:2,1
DA:3,1
DA:6,1
DA:7,4
DA:9,4
DA:10,4
DA:11,1
DA:14,3
DA:30,2
DA:37,1
DA:38,1
DA:43,1
DA:44,3
DA:46,3
DA:47,3
DA:52,2
DA:58,1
DA:59,1
DA:64,1
DA:65,3
DA:67,3
DA:68,3
DA:73,2
DA:74,1
DA:77,1
DA:82,1
DA:83,1
DA:88,1
DA:89,4
DA:90,4
DA:92,4
DA:94,4
DA:99,3
DA:100,1
DA:103,2
DA:104,1
DA:108,1
DA:113,1
DA:118,1
DA:119,1
DA:123,1
LF:42
LH:42
BRDA:10,0,0,1
BRDA:10,0,1,3
BRDA:21,1,0,3
BRDA:21,1,1,1
BRDA:26,2,0,3
BRDA:26,2,1,2
BRDA:73,3,0,1
BRDA:73,3,1,1
BRDA:99,4,0,1
BRDA:99,4,1,2
BRDA:103,5,0,1
BRDA:103,5,1,1
BRF:12
BRH:12
end_of_record
